ISim log file
Running: C:\lab5vfinal\test_datapath_isim_beh.exe -intstyle ise -gui -tclbatch isim.cmd -wdb C:/lab5vfinal/test_datapath_isim_beh.wdb 
ISim O.87xd (signature 0xc3576ebc)
WARNING: A WEBPACK license was found.
WARNING: Please use Xilinx License Configuration Manager to check out a full ISim license.
WARNING: ISim will run in Lite mode. Please refer to the ISim documentation for more information on the differences between the Lite and the Full version.
This is a Lite version of ISim.
Time resolution is 1 ps
# onerror resume
# wave add /
# run 1000 ns
Simulator is doing circuit initialization process.
at 0 ps, Instance /test_datapath/uut/DECSTAGE_label/RF/dec/ : Warning: There is an 'U'|'X'|'W'|'Z'|'-' in an arithmetic operand, the result will be 'X'(es).
at 0 ps, Instance /test_datapath/uut/DECSTAGE_label/RF/mu32x1/ : Warning: NUMERIC_STD.TO_INTEGER: metavalue detected, returning 0
at 0 ps, Instance /test_datapath/uut/DECSTAGE_label/RF/mu32x2/ : Warning: NUMERIC_STD.TO_INTEGER: metavalue detected, returning 0
Finished circuit initialization process.
at 5 ns(1), Instance /test_datapath/uut/MEMSTAGE_label/MEM_Label/ : Warning: CONV_INTEGER: There is an 'U'|'X'|'W'|'Z'|'-' in an arithmetic operand, and it has been converted to 0.
at 5 ns(2), Instance /test_datapath/uut/DECSTAGE_label/RF/mu32x1/ : Warning: NUMERIC_STD.TO_INTEGER: metavalue detected, returning 0
at 5 ns(2), Instance /test_datapath/uut/DECSTAGE_label/RF/mu32x2/ : Warning: NUMERIC_STD.TO_INTEGER: metavalue detected, returning 0
at 15 ns(1), Instance /test_datapath/uut/MEMSTAGE_label/MEM_Label/ : Warning: CONV_INTEGER: There is an 'U'|'X'|'W'|'Z'|'-' in an arithmetic operand, and it has been converted to 0.
at 25 ns(1), Instance /test_datapath/uut/MEMSTAGE_label/MEM_Label/ : Warning: CONV_INTEGER: There is an 'U'|'X'|'W'|'Z'|'-' in an arithmetic operand, and it has been converted to 0.
at 445 ns(1), Instance /test_datapath/uut/MEMSTAGE_label/MEM_Label/ : Warning: CONV_INTEGER: There is an 'U'|'X'|'W'|'Z'|'-' in an arithmetic operand, and it has been converted to 0.
# restart
# run 1.00us
Simulator is doing circuit initialization process.
at 0 ps, Instance /test_datapath/uut/DECSTAGE_label/RF/mu32x1/ : Warning: NUMERIC_STD.TO_INTEGER: metavalue detected, returning 0
at 0 ps, Instance /test_datapath/uut/DECSTAGE_label/RF/mu32x2/ : Warning: NUMERIC_STD.TO_INTEGER: metavalue detected, returning 0
Finished circuit initialization process.
at 5 ns(1), Instance /test_datapath/uut/MEMSTAGE_label/MEM_Label/ : Warning: CONV_INTEGER: There is an 'U'|'X'|'W'|'Z'|'-' in an arithmetic operand, and it has been converted to 0.
at 5 ns(2), Instance /test_datapath/uut/DECSTAGE_label/RF/mu32x1/ : Warning: NUMERIC_STD.TO_INTEGER: metavalue detected, returning 0
at 5 ns(2), Instance /test_datapath/uut/DECSTAGE_label/RF/mu32x2/ : Warning: NUMERIC_STD.TO_INTEGER: metavalue detected, returning 0
at 15 ns(1), Instance /test_datapath/uut/MEMSTAGE_label/MEM_Label/ : Warning: CONV_INTEGER: There is an 'U'|'X'|'W'|'Z'|'-' in an arithmetic operand, and it has been converted to 0.
at 25 ns(1), Instance /test_datapath/uut/MEMSTAGE_label/MEM_Label/ : Warning: CONV_INTEGER: There is an 'U'|'X'|'W'|'Z'|'-' in an arithmetic operand, and it has been converted to 0.
at 445 ns(1), Instance /test_datapath/uut/MEMSTAGE_label/MEM_Label/ : Warning: CONV_INTEGER: There is an 'U'|'X'|'W'|'Z'|'-' in an arithmetic operand, and it has been converted to 0.
# restart
# run 1.00us
Simulator is doing circuit initialization process.
at 0 ps, Instance /test_datapath/uut/DECSTAGE_label/RF/mu32x1/ : Warning: NUMERIC_STD.TO_INTEGER: metavalue detected, returning 0
at 0 ps, Instance /test_datapath/uut/DECSTAGE_label/RF/mu32x2/ : Warning: NUMERIC_STD.TO_INTEGER: metavalue detected, returning 0
Finished circuit initialization process.
at 5 ns(1), Instance /test_datapath/uut/MEMSTAGE_label/MEM_Label/ : Warning: CONV_INTEGER: There is an 'U'|'X'|'W'|'Z'|'-' in an arithmetic operand, and it has been converted to 0.
at 5 ns(2), Instance /test_datapath/uut/DECSTAGE_label/RF/mu32x1/ : Warning: NUMERIC_STD.TO_INTEGER: metavalue detected, returning 0
at 5 ns(2), Instance /test_datapath/uut/DECSTAGE_label/RF/mu32x2/ : Warning: NUMERIC_STD.TO_INTEGER: metavalue detected, returning 0
at 15 ns(1), Instance /test_datapath/uut/MEMSTAGE_label/MEM_Label/ : Warning: CONV_INTEGER: There is an 'U'|'X'|'W'|'Z'|'-' in an arithmetic operand, and it has been converted to 0.
at 25 ns(1), Instance /test_datapath/uut/MEMSTAGE_label/MEM_Label/ : Warning: CONV_INTEGER: There is an 'U'|'X'|'W'|'Z'|'-' in an arithmetic operand, and it has been converted to 0.
at 445 ns(1), Instance /test_datapath/uut/MEMSTAGE_label/MEM_Label/ : Warning: CONV_INTEGER: There is an 'U'|'X'|'W'|'Z'|'-' in an arithmetic operand, and it has been converted to 0.
